{"/Users/Mikalai_Klepchukou/Work/projects/training/shop-backend/product-service/src/functions/getProductsById/handler.ts": {"path":"/Users/Mikalai_Klepchukou/Work/projects/training/shop-backend/product-service/src/functions/getProductsById/handler.ts","statementMap":{"0":{"start":{"line":4,"column":0},"end":{"line":4,"column":47}},"1":{"start":{"line":6,"column":19},"end":{"line":7,"column":47}},"2":{"start":{"line":7,"column":2},"end":{"line":7,"column":47}},"3":{"start":{"line":7,"column":29},"end":{"line":7,"column":46}},"4":{"start":{"line":9,"column":31},"end":{"line":36,"column":1}},"5":{"start":{"line":12,"column":24},"end":{"line":12,"column":44}},"6":{"start":{"line":13,"column":23},"end":{"line":13,"column":44}},"7":{"start":{"line":15,"column":2},"end":{"line":23,"column":null}},"8":{"start":{"line":16,"column":4},"end":{"line":22,"column":6}},"9":{"start":{"line":25,"column":16},"end":{"line":28,"column":4}},"10":{"start":{"line":29,"column":2},"end":{"line":35,"column":4}},"11":{"start":{"line":9,"column":13},"end":{"line":9,"column":31}}},"fnMap":{"0":{"name":"(anonymous_0)","decl":{"start":{"line":6,"column":19},"end":{"line":6,"column":20}},"loc":{"start":{"line":7,"column":2},"end":{"line":7,"column":47}}},"1":{"name":"(anonymous_1)","decl":{"start":{"line":7,"column":16},"end":{"line":7,"column":17}},"loc":{"start":{"line":7,"column":29},"end":{"line":7,"column":46}}},"2":{"name":"(anonymous_2)","decl":{"start":{"line":9,"column":31},"end":{"line":9,"column":36}},"loc":{"start":{"line":11,"column":36},"end":{"line":36,"column":1}}}},"branchMap":{"0":{"loc":{"start":{"line":15,"column":2},"end":{"line":23,"column":null}},"type":"if","locations":[{"start":{"line":15,"column":2},"end":{"line":23,"column":null}}]}},"s":{"0":1,"1":1,"2":2,"3":7,"4":1,"5":2,"6":2,"7":2,"8":1,"9":1,"10":1,"11":1},"f":{"0":2,"1":7,"2":2},"b":{"0":[1]}}
,"/Users/Mikalai_Klepchukou/Work/projects/training/shop-backend/product-service/src/functions/getProductsList/handler.ts": {"path":"/Users/Mikalai_Klepchukou/Work/projects/training/shop-backend/product-service/src/functions/getProductsList/handler.ts","statementMap":{"0":{"start":{"line":3,"column":0},"end":{"line":3,"column":47}},"1":{"start":{"line":5,"column":31},"end":{"line":13,"column":1}},"2":{"start":{"line":6,"column":2},"end":{"line":12,"column":4}},"3":{"start":{"line":5,"column":13},"end":{"line":5,"column":31}}},"fnMap":{"0":{"name":"(anonymous_0)","decl":{"start":{"line":5,"column":31},"end":{"line":5,"column":36}},"loc":{"start":{"line":5,"column":74},"end":{"line":13,"column":1}}}},"branchMap":{},"s":{"0":1,"1":1,"2":1,"3":1},"f":{"0":1},"b":{}}
,"/Users/Mikalai_Klepchukou/Work/projects/training/shop-backend/product-service/src/mock/products.ts": {"path":"/Users/Mikalai_Klepchukou/Work/projects/training/shop-backend/product-service/src/mock/products.ts","statementMap":{"0":{"start":{"line":3,"column":13},"end":{"line":40,"column":2}}},"fnMap":{},"branchMap":{},"s":{"0":2},"f":{},"b":{}}
}
